Ex1 (OOP) Simulator log: stage Ex1_Buildings/B4.json,  OutputFinal.csv
0.0,OOP_Ex1_Elevator_Simulator
0.0,Simulated Building, Building [-10,100]
0) ex1.Elevator_A, Elev_, id,5,  speed, 1.0, open: 2.0,  start: 3.0, close: 2.0,  stop: 3.0
1) ex1.Elevator_A, Elev_, id,6,  speed, 2.0, open: 2.0,  start: 3.0, close: 2.0,  stop: 3.0
2) ex1.Elevator_A, Elev_, id,7,  speed, 8.0, open: 1.25,  start: 1.875, close: 1.25,  stop: 1.875
3) ex1.Elevator_A, Elev_, id,8,  speed, 6.0, open: 1.6666666666666667,  start: 2.5, close: 1.6666666666666667,  stop: 2.5
4) ex1.Elevator_A, Elev_, id,9,  speed, 2.0, open: 2.0,  start: 3.0, close: 2.0,  stop: 3.0

0.0,Simulated Period starTime,0.0,  endTime,1104.1840186,  dt,1.0
0.0,Simulated  calls,Elevator log, size: 100
0.0,**** Simulation starts!! ****
5.0,Elevator call,4.37472729,0,-1,1,0, got allocated to elevator, 0
5.0,Elev,5,  arrived at src, 0, Elevator call,4.37472729,0,-1,2,0
5.0, elevID,5,  pos,0,  cmd, goto,-1
16.0,Elev,5,  arrived at dest, -1, this call is done!, Elevator call,4.37472729,0,-1,3,0, Done, dt, 11.62527271
17.0,Elevator call,16.95788289,-1,0,1,1, got allocated to elevator, 1
17.0, elevID,6,  pos,0,  cmd, goto,-1
23.0,Elevator call,22.0940563,0,-1,1,2, got allocated to elevator, 2
23.0,Elev,7,  arrived at src, 0, Elevator call,22.0940563,0,-1,2,2
23.0, elevID,7,  pos,0,  cmd, goto,-1
28.0,Elev,6,  arrived at src, -1, Elevator call,16.95788289,-1,0,2,1
28.0, elevID,6,  pos,-1,  cmd, goto,0
30.0,Elev,7,  arrived at dest, -1, this call is done!, Elevator call,22.0940563,0,-1,3,2, Done, dt, 7.905943700000002
39.0,Elev,6,  arrived at dest, 0, this call is done!, Elevator call,16.95788289,-1,0,3,1, Done, dt, 22.04211711
86.0,Elevator call,85.52096662,3,2,1,3, got allocated to elevator, 3
86.0, elevID,8,  pos,0,  cmd, goto,3
92.0,Elevator call,91.21019413,-1,-2,1,4, got allocated to elevator, 4
92.0, elevID,9,  pos,0,  cmd, goto,-1
95.0,Elev,8,  arrived at src, 3, Elevator call,85.52096662,3,2,2,3
95.0, elevID,8,  pos,3,  cmd, goto,2
103.0,Elev,9,  arrived at src, -1, Elevator call,91.21019413,-1,-2,2,4
103.0, elevID,9,  pos,-1,  cmd, goto,-2
104.0,Elev,8,  arrived at dest, 2, this call is done!, Elevator call,85.52096662,3,2,3,3, Done, dt, 18.479033380000004
105.0,Elevator call,104.1370124,0,4,1,0, got allocated to elevator, 0
105.0, elevID,5,  pos,-1,  cmd, goto,0
110.0,Elevator call,109.2135291,-1,0,1,1, got allocated to elevator, 1
110.0, elevID,6,  pos,0,  cmd, goto,-1
114.0,Elev,9,  arrived at dest, -2, this call is done!, Elevator call,91.21019413,-1,-2,3,4, Done, dt, 22.789805869999995
115.0,Elevator call,114.392351,3,0,1,2, got allocated to elevator, 2
115.0, elevID,7,  pos,-1,  cmd, goto,3
116.0,Elev,5,  arrived at src, 0, Elevator call,104.1370124,0,4,2,0
116.0, elevID,5,  pos,0,  cmd, goto,4
121.0,Elev,6,  arrived at src, -1, Elevator call,109.2135291,-1,0,2,1
121.0, elevID,6,  pos,-1,  cmd, goto,0
122.0,Elev,7,  arrived at src, 3, Elevator call,114.392351,3,0,2,2
122.0, elevID,7,  pos,3,  cmd, goto,0
125.0,Elevator call,124.425571,0,9,1,3, got allocated to elevator, 3
125.0, elevID,8,  pos,2,  cmd, goto,0
129.0,Elev,7,  arrived at dest, 0, this call is done!, Elevator call,114.392351,3,0,3,2, Done, dt, 14.607648999999995
130.0,Elev,5,  arrived at dest, 4, this call is done!, Elevator call,104.1370124,0,4,3,0, Done, dt, 25.862987599999997
131.0,Elevator call,130.0249568,8,10,1,4, got allocated to elevator, 4
131.0,Elevator call,130.2249113,-1,1,1,0, got allocated to elevator, 0
131.0, elevID,5,  pos,4,  cmd, goto,-1
131.0, elevID,9,  pos,-2,  cmd, goto,8
132.0,Elev,6,  arrived at dest, 0, this call is done!, Elevator call,109.2135291,-1,0,3,1, Done, dt, 22.786470899999998
134.0,Elev,8,  arrived at src, 0, Elevator call,124.425571,0,9,2,3
134.0, elevID,8,  pos,0,  cmd, goto,9
138.0,Elevator call,137.9515274,0,4,1,1, got allocated to elevator, 1
138.0,Elev,6,  arrived at src, 0, Elevator call,137.9515274,0,4,2,1
138.0, elevID,6,  pos,0,  cmd, goto,4
144.0,Elevator call,143.9133584,0,6,1,2, got allocated to elevator, 2
144.0,Elev,7,  arrived at src, 0, Elevator call,143.9133584,0,6,2,2
144.0, elevID,7,  pos,0,  cmd, goto,6
144.0,Elev,8,  arrived at dest, 9, this call is done!, Elevator call,124.425571,0,9,3,3, Done, dt, 19.574428999999995
146.0,Elev,5,  arrived at src, -1, Elevator call,130.2249113,-1,1,2,0
146.0, elevID,5,  pos,-1,  cmd, goto,1
146.0,Elev,9,  arrived at src, 8, Elevator call,130.0249568,8,10,2,4
146.0, elevID,9,  pos,8,  cmd, goto,10
150.0,Elev,6,  arrived at dest, 4, this call is done!, Elevator call,137.9515274,0,4,3,1, Done, dt, 12.048472599999997
151.0,Elev,7,  arrived at dest, 6, this call is done!, Elevator call,143.9133584,0,6,3,2, Done, dt, 7.086641600000007
157.0,Elev,9,  arrived at dest, 10, this call is done!, Elevator call,130.0249568,8,10,3,4, Done, dt, 26.975043199999988
158.0,Elev,5,  arrived at dest, 1, this call is done!, Elevator call,130.2249113,-1,1,3,0, Done, dt, 27.775088699999998
170.0,Elevator call,169.7845834,-1,0,1,3, got allocated to elevator, 3
170.0, elevID,8,  pos,9,  cmd, goto,-1
171.0,Elevator call,170.0099621,0,6,1,4, got allocated to elevator, 4
171.0, elevID,9,  pos,10,  cmd, goto,0
172.0,Elevator call,171.2117332,-1,8,1,0, got allocated to elevator, 0
172.0, elevID,5,  pos,1,  cmd, goto,-1
175.0,Elevator call,174.8438515,0,-1,1,1, got allocated to elevator, 1
175.0, elevID,6,  pos,4,  cmd, goto,0
180.0,Elev,8,  arrived at src, -1, Elevator call,169.7845834,-1,0,2,3
180.0, elevID,8,  pos,-1,  cmd, goto,0
184.0,Elev,5,  arrived at src, -1, Elevator call,171.2117332,-1,8,2,0
184.0, elevID,5,  pos,-1,  cmd, goto,8
186.0,Elev,9,  arrived at src, 0, Elevator call,170.0099621,0,6,2,4
186.0, elevID,9,  pos,0,  cmd, goto,6
187.0,Elev,6,  arrived at src, 0, Elevator call,174.8438515,0,-1,2,1
187.0, elevID,6,  pos,0,  cmd, goto,-1
188.0,Elevator call,187.1167862,-1,-2,1,2, got allocated to elevator, 2
188.0,Elevator call,187.7299318,-1,-2,1,3, got allocated to elevator, 3
188.0, elevID,7,  pos,6,  cmd, goto,-1
189.0,Elev,8,  arrived at dest, 0, this call is done!, Elevator call,169.7845834,-1,0,3,3, Done, dt, 19.215416599999998
189.0, elevID,8,  pos,0,  cmd, goto,-1
196.0,Elevator call,195.9086965,0,7,1,4, got allocated to elevator, 4
196.0,Elev,7,  arrived at src, -1, Elevator call,187.1167862,-1,-2,2,2
196.0, elevID,7,  pos,-1,  cmd, goto,-2
198.0,Elevator call,197.5359191,-1,1,1,0, got allocated to elevator, 0
198.0,Elev,6,  arrived at dest, -1, this call is done!, Elevator call,174.8438515,0,-1,3,1, Done, dt, 23.1561485
198.0,Elev,8,  arrived at src, -1, Elevator call,187.7299318,-1,-2,2,3
198.0, elevID,8,  pos,-1,  cmd, goto,-2
199.0,Elev,9,  arrived at dest, 6, this call is done!, Elevator call,170.0099621,0,6,3,4, Done, dt, 28.990037900000004
199.0, elevID,9,  pos,6,  cmd, goto,0
203.0,Elev,5,  arrived at dest, 8, this call is done!, Elevator call,171.2117332,-1,8,3,0, Done, dt, 31.788266800000002
203.0, elevID,5,  pos,8,  cmd, goto,-1
203.0,Elev,7,  arrived at dest, -2, this call is done!, Elevator call,187.1167862,-1,-2,3,2, Done, dt, 15.883213799999993
206.0,Elevator call,205.9895199,-1,0,1,1, got allocated to elevator, 1
206.0,Elev,6,  arrived at src, -1, Elevator call,205.9895199,-1,0,2,1
206.0, elevID,6,  pos,-1,  cmd, goto,0
207.0,Elev,8,  arrived at dest, -2, this call is done!, Elevator call,187.7299318,-1,-2,3,3, Done, dt, 19.270068199999997
212.0,Elev,9,  arrived at src, 0, Elevator call,195.9086965,0,7,2,4
212.0, elevID,9,  pos,0,  cmd, goto,7
217.0,Elev,6,  arrived at dest, 0, this call is done!, Elevator call,205.9895199,-1,0,3,1, Done, dt, 11.010480099999995
222.0,Elev,5,  arrived at src, -1, Elevator call,197.5359191,-1,1,2,0
222.0, elevID,5,  pos,-1,  cmd, goto,1
226.0,Elev,9,  arrived at dest, 7, this call is done!, Elevator call,195.9086965,0,7,3,4, Done, dt, 30.09130350000001
228.0,Elevator call,227.0798305,-1,5,1,2, got allocated to elevator, 2
228.0, elevID,7,  pos,-2,  cmd, goto,-1
232.0,Elevator call,231.5157882,-1,0,1,3, got allocated to elevator, 3
232.0, elevID,8,  pos,-2,  cmd, goto,-1
233.0,Elevator call,232.9504362,0,-1,1,4, got allocated to elevator, 4
233.0, elevID,9,  pos,7,  cmd, goto,0
234.0,Elev,5,  arrived at dest, 1, this call is done!, Elevator call,197.5359191,-1,1,3,0, Done, dt, 36.4640809
235.0,Elev,7,  arrived at src, -1, Elevator call,227.0798305,-1,5,2,2
235.0, elevID,7,  pos,-1,  cmd, goto,5
241.0,Elev,8,  arrived at src, -1, Elevator call,231.5157882,-1,0,2,3
241.0, elevID,8,  pos,-1,  cmd, goto,0
242.0,Elev,7,  arrived at dest, 5, this call is done!, Elevator call,227.0798305,-1,5,3,2, Done, dt, 14.920169499999986
247.0,Elev,9,  arrived at src, 0, Elevator call,232.9504362,0,-1,2,4
247.0, elevID,9,  pos,0,  cmd, goto,-1
250.0,Elev,8,  arrived at dest, 0, this call is done!, Elevator call,231.5157882,-1,0,3,3, Done, dt, 18.484211799999997
252.0,Elevator call,251.1044469,-1,-2,1,0, got allocated to elevator, 0
252.0,Elevator call,251.2359335,0,9,1,1, got allocated to elevator, 1
252.0, elevID,5,  pos,1,  cmd, goto,-1
252.0,Elev,6,  arrived at src, 0, Elevator call,251.2359335,0,9,2,1
252.0, elevID,6,  pos,0,  cmd, goto,9
255.0,Elevator call,254.6977153,3,4,1,2, got allocated to elevator, 2
255.0, elevID,7,  pos,5,  cmd, goto,3
258.0,Elevator call,257.7974435,-1,0,1,3, got allocated to elevator, 3
258.0, elevID,8,  pos,0,  cmd, goto,-1
258.0,Elev,9,  arrived at dest, -1, this call is done!, Elevator call,232.9504362,0,-1,3,4, Done, dt, 25.049563799999987
262.0,Elev,7,  arrived at src, 3, Elevator call,254.6977153,3,4,2,2
262.0, elevID,7,  pos,3,  cmd, goto,4
264.0,Elev,5,  arrived at src, -1, Elevator call,251.1044469,-1,-2,2,0
264.0, elevID,5,  pos,-1,  cmd, goto,-2
267.0,Elev,6,  arrived at dest, 9, this call is done!, Elevator call,251.2359335,0,9,3,1, Done, dt, 15.764066500000013
267.0,Elev,8,  arrived at src, -1, Elevator call,257.7974435,-1,0,2,3
267.0, elevID,8,  pos,-1,  cmd, goto,0
269.0,Elev,7,  arrived at dest, 4, this call is done!, Elevator call,254.6977153,3,4,3,2, Done, dt, 14.302284700000001
275.0,Elev,5,  arrived at dest, -2, this call is done!, Elevator call,251.1044469,-1,-2,3,0, Done, dt, 23.8955531
276.0,Elev,8,  arrived at dest, 0, this call is done!, Elevator call,257.7974435,-1,0,3,3, Done, dt, 18.202556500000014
296.0,Elevator call,295.7943357,0,1,1,4, got allocated to elevator, 4
296.0, elevID,9,  pos,-1,  cmd, goto,0
305.0,Elevator call,304.9984388,6,0,1,0, got allocated to elevator, 0
305.0, elevID,5,  pos,-2,  cmd, goto,6
307.0,Elev,9,  arrived at src, 0, Elevator call,295.7943357,0,1,2,4
307.0, elevID,9,  pos,0,  cmd, goto,1
310.0,Elevator call,309.3005383,0,-1,1,1, got allocated to elevator, 1
310.0, elevID,6,  pos,9,  cmd, goto,0
313.0,Elevator call,312.3018556,0,-1,1,2, got allocated to elevator, 2
313.0, elevID,7,  pos,4,  cmd, goto,0
317.0,Elevator call,316.0323783,0,-1,1,3, got allocated to elevator, 3
317.0,Elev,8,  arrived at src, 0, Elevator call,316.0323783,0,-1,2,3
317.0, elevID,8,  pos,0,  cmd, goto,-1
318.0,Elev,9,  arrived at dest, 1, this call is done!, Elevator call,295.7943357,0,1,3,4, Done, dt, 22.205664300000024
320.0,Elevator call,319.905202,6,5,1,4, got allocated to elevator, 4
320.0,Elev,7,  arrived at src, 0, Elevator call,312.3018556,0,-1,2,2
320.0, elevID,7,  pos,0,  cmd, goto,-1
320.0, elevID,9,  pos,1,  cmd, goto,6
321.0,Elevator call,320.9760749,-1,0,1,0, got allocated to elevator, 0
322.0,Elevator call,321.370409,7,-1,1,1, got allocated to elevator, 1
323.0,Elev,5,  arrived at src, 6, Elevator call,304.9984388,6,0,2,0
323.0, elevID,5,  pos,6,  cmd, goto,0
325.0,Elev,6,  arrived at src, 0, Elevator call,309.3005383,0,-1,2,1
325.0, elevID,6,  pos,0,  cmd, goto,-1
326.0,Elev,8,  arrived at dest, -1, this call is done!, Elevator call,316.0323783,0,-1,3,3, Done, dt, 9.967621699999995
327.0,Elev,7,  arrived at dest, -1, this call is done!, Elevator call,312.3018556,0,-1,3,2, Done, dt, 14.69814439999999
333.0,Elevator call,332.4267319,0,10,1,2, got allocated to elevator, 2
333.0, elevID,7,  pos,-1,  cmd, goto,0
333.0,Elev,9,  arrived at src, 6, Elevator call,319.905202,6,5,2,4
333.0, elevID,9,  pos,6,  cmd, goto,5
336.0,Elev,6,  arrived at dest, -1, this call is done!, Elevator call,309.3005383,0,-1,3,1, Done, dt, 26.699461699999972
336.0, elevID,6,  pos,-1,  cmd, goto,7
337.0,Elevator call,336.9304305,-1,0,1,3, got allocated to elevator, 3
337.0,Elev,8,  arrived at src, -1, Elevator call,336.9304305,-1,0,2,3
337.0, elevID,8,  pos,-1,  cmd, goto,0
339.0,Elev,5,  arrived at dest, 0, this call is done!, Elevator call,304.9984388,6,0,3,0, Done, dt, 34.001561200000026
339.0, elevID,5,  pos,0,  cmd, goto,-1
340.0,Elev,7,  arrived at src, 0, Elevator call,332.4267319,0,10,2,2
340.0, elevID,7,  pos,0,  cmd, goto,10
344.0,Elev,9,  arrived at dest, 5, this call is done!, Elevator call,319.905202,6,5,3,4, Done, dt, 24.094798000000026
346.0,Elev,8,  arrived at dest, 0, this call is done!, Elevator call,336.9304305,-1,0,3,3, Done, dt, 9.0695695
348.0,Elev,7,  arrived at dest, 10, this call is done!, Elevator call,332.4267319,0,10,3,2, Done, dt, 15.573268100000007
350.0,Elev,5,  arrived at src, -1, Elevator call,320.9760749,-1,0,2,0
350.0, elevID,5,  pos,-1,  cmd, goto,0
350.0,Elev,6,  arrived at src, 7, Elevator call,321.370409,7,-1,2,1
350.0, elevID,6,  pos,7,  cmd, goto,-1
361.0,Elev,5,  arrived at dest, 0, this call is done!, Elevator call,320.9760749,-1,0,3,0, Done, dt, 40.023925099999985
364.0,Elev,6,  arrived at dest, -1, this call is done!, Elevator call,321.370409,7,-1,3,1, Done, dt, 42.629591000000005
376.0,Elevator call,375.490481,1,0,1,4, got allocated to elevator, 4
376.0, elevID,9,  pos,5,  cmd, goto,1
388.0,Elev,9,  arrived at src, 1, Elevator call,375.490481,1,0,2,4
388.0, elevID,9,  pos,1,  cmd, goto,0
393.0,Elevator call,392.5160765,0,5,1,0, got allocated to elevator, 0
393.0,Elev,5,  arrived at src, 0, Elevator call,392.5160765,0,5,2,0
393.0, elevID,5,  pos,0,  cmd, goto,5
399.0,Elev,9,  arrived at dest, 0, this call is done!, Elevator call,375.490481,1,0,3,4, Done, dt, 23.50951900000001
406.0,Elevator call,405.1821141,-1,10,1,1, got allocated to elevator, 1
406.0,Elev,6,  arrived at src, -1, Elevator call,405.1821141,-1,10,2,1
406.0, elevID,6,  pos,-1,  cmd, goto,10
408.0,Elev,5,  arrived at dest, 5, this call is done!, Elevator call,392.5160765,0,5,3,0, Done, dt, 15.483923500000003
422.0,Elev,6,  arrived at dest, 10, this call is done!, Elevator call,405.1821141,-1,10,3,1, Done, dt, 16.81788590000002
427.0,Elevator call,426.8615805,2,0,1,2, got allocated to elevator, 2
427.0, elevID,7,  pos,10,  cmd, goto,2
435.0,Elev,7,  arrived at src, 2, Elevator call,426.8615805,2,0,2,2
435.0, elevID,7,  pos,2,  cmd, goto,0
438.0,Elevator call,437.1711158,1,0,1,3, got allocated to elevator, 3
438.0, elevID,8,  pos,0,  cmd, goto,1
442.0,Elev,7,  arrived at dest, 0, this call is done!, Elevator call,426.8615805,2,0,3,2, Done, dt, 15.138419499999998
447.0,Elev,8,  arrived at src, 1, Elevator call,437.1711158,1,0,2,3
447.0, elevID,8,  pos,1,  cmd, goto,0
456.0,Elev,8,  arrived at dest, 0, this call is done!, Elevator call,437.1711158,1,0,3,3, Done, dt, 18.828884200000005
473.0,Elevator call,472.7445474,10,-1,1,4, got allocated to elevator, 4
473.0, elevID,9,  pos,0,  cmd, goto,10
488.0,Elev,9,  arrived at src, 10, Elevator call,472.7445474,10,-1,2,4
488.0, elevID,9,  pos,10,  cmd, goto,-1
501.0,Elevator call,500.3712045,8,-1,1,0, got allocated to elevator, 0
501.0, elevID,5,  pos,5,  cmd, goto,8
504.0,Elevator call,503.1384784,1,-1,1,1, got allocated to elevator, 1
504.0, elevID,6,  pos,10,  cmd, goto,1
504.0,Elev,9,  arrived at dest, -1, this call is done!, Elevator call,472.7445474,10,-1,3,4, Done, dt, 31.255452600000012
505.0,Elevator call,504.4317942,0,-1,1,2, got allocated to elevator, 2
505.0,Elev,7,  arrived at src, 0, Elevator call,504.4317942,0,-1,2,2
505.0, elevID,7,  pos,0,  cmd, goto,-1
512.0,Elev,7,  arrived at dest, -1, this call is done!, Elevator call,504.4317942,0,-1,3,2, Done, dt, 7.568205799999987
514.0,Elev,5,  arrived at src, 8, Elevator call,500.3712045,8,-1,2,0
514.0, elevID,5,  pos,8,  cmd, goto,-1
519.0,Elev,6,  arrived at src, 1, Elevator call,503.1384784,1,-1,2,1
519.0, elevID,6,  pos,1,  cmd, goto,-1
530.0,Elevator call,529.6277472,3,-1,1,3, got allocated to elevator, 3
530.0,Elev,6,  arrived at dest, -1, this call is done!, Elevator call,503.1384784,1,-1,3,1, Done, dt, 26.861521600000003
530.0, elevID,8,  pos,0,  cmd, goto,3
533.0,Elev,5,  arrived at dest, -1, this call is done!, Elevator call,500.3712045,8,-1,3,0, Done, dt, 32.628795500000024
538.0,Elevator call,537.7866884,-1,6,1,4, got allocated to elevator, 4
538.0,Elev,9,  arrived at src, -1, Elevator call,537.7866884,-1,6,2,4
538.0, elevID,9,  pos,-1,  cmd, goto,6
539.0,Elev,8,  arrived at src, 3, Elevator call,529.6277472,3,-1,2,3
539.0, elevID,8,  pos,3,  cmd, goto,-1
545.0,Elevator call,544.7880392,6,-1,1,0, got allocated to elevator, 0
545.0, elevID,5,  pos,-1,  cmd, goto,6
548.0,Elev,8,  arrived at dest, -1, this call is done!, Elevator call,529.6277472,3,-1,3,3, Done, dt, 18.372252799999956
552.0,Elev,9,  arrived at dest, 6, this call is done!, Elevator call,537.7866884,-1,6,3,4, Done, dt, 14.213311599999997
555.0,Elevator call,554.0892923,4,0,1,1, got allocated to elevator, 1
555.0, elevID,6,  pos,-1,  cmd, goto,4
558.0,Elevator call,557.244139,10,0,1,2, got allocated to elevator, 2
558.0, elevID,7,  pos,-1,  cmd, goto,10
562.0,Elev,5,  arrived at src, 6, Elevator call,544.7880392,6,-1,2,0
562.0, elevID,5,  pos,6,  cmd, goto,-1
566.0,Elevator call,565.0195522,0,-1,1,3, got allocated to elevator, 3
566.0,Elev,7,  arrived at src, 10, Elevator call,557.244139,10,0,2,2
566.0, elevID,7,  pos,10,  cmd, goto,0
566.0, elevID,8,  pos,-1,  cmd, goto,0
568.0,Elev,6,  arrived at src, 4, Elevator call,554.0892923,4,0,2,1
568.0, elevID,6,  pos,4,  cmd, goto,0
574.0,Elev,7,  arrived at dest, 0, this call is done!, Elevator call,557.244139,10,0,3,2, Done, dt, 16.75586099999998
575.0,Elev,8,  arrived at src, 0, Elevator call,565.0195522,0,-1,2,3
575.0, elevID,8,  pos,0,  cmd, goto,-1
579.0,Elev,5,  arrived at dest, -1, this call is done!, Elevator call,544.7880392,6,-1,3,0, Done, dt, 34.21196080000004
580.0,Elev,6,  arrived at dest, 0, this call is done!, Elevator call,554.0892923,4,0,3,1, Done, dt, 25.91070769999999
582.0,Elevator call,581.870309,0,3,1,4, got allocated to elevator, 4
582.0, elevID,9,  pos,6,  cmd, goto,0
584.0,Elev,8,  arrived at dest, -1, this call is done!, Elevator call,565.0195522,0,-1,3,3, Done, dt, 18.98044779999998
595.0,Elev,9,  arrived at src, 0, Elevator call,581.870309,0,3,2,4
595.0, elevID,9,  pos,0,  cmd, goto,3
597.0,Elevator call,596.1232023,8,0,1,0, got allocated to elevator, 0
597.0, elevID,5,  pos,-1,  cmd, goto,8
601.0,Elevator call,600.931288,1,0,1,1, got allocated to elevator, 1
601.0, elevID,6,  pos,0,  cmd, goto,1
604.0,Elevator call,603.9342327,7,0,1,2, got allocated to elevator, 2
604.0, elevID,7,  pos,0,  cmd, goto,7
607.0,Elev,9,  arrived at dest, 3, this call is done!, Elevator call,581.870309,0,3,3,4, Done, dt, 25.12969099999998
612.0,Elev,6,  arrived at src, 1, Elevator call,600.931288,1,0,2,1
612.0, elevID,6,  pos,1,  cmd, goto,0
612.0,Elev,7,  arrived at src, 7, Elevator call,603.9342327,7,0,2,2
612.0, elevID,7,  pos,7,  cmd, goto,0
616.0,Elev,5,  arrived at src, 8, Elevator call,596.1232023,8,0,2,0
616.0, elevID,5,  pos,8,  cmd, goto,0
618.0,Elevator call,617.9628339,0,3,1,3, got allocated to elevator, 3
618.0, elevID,8,  pos,-1,  cmd, goto,0
620.0,Elevator call,619.6454197,9,0,1,4, got allocated to elevator, 4
620.0,Elev,7,  arrived at dest, 0, this call is done!, Elevator call,603.9342327,7,0,3,2, Done, dt, 16.065767299999948
620.0, elevID,9,  pos,3,  cmd, goto,9
623.0,Elev,6,  arrived at dest, 0, this call is done!, Elevator call,600.931288,1,0,3,1, Done, dt, 22.068712000000005
627.0,Elevator call,626.2116172,0,1,1,0, got allocated to elevator, 0
627.0,Elev,8,  arrived at src, 0, Elevator call,617.9628339,0,3,2,3
627.0, elevID,8,  pos,0,  cmd, goto,3
633.0,Elev,9,  arrived at src, 9, Elevator call,619.6454197,9,0,2,4
633.0, elevID,9,  pos,9,  cmd, goto,0
634.0,Elev,5,  arrived at dest, 0, this call is done!, Elevator call,596.1232023,8,0,3,0, Done, dt, 37.8767977
634.0,Elev,5,  arrived at src, 0, Elevator call,626.2116172,0,1,2,0
634.0, elevID,5,  pos,0,  cmd, goto,1
636.0,Elev,8,  arrived at dest, 3, this call is done!, Elevator call,617.9628339,0,3,3,3, Done, dt, 18.037166100000036
644.0,Elevator call,643.8547515,-1,2,1,1, got allocated to elevator, 1
644.0, elevID,6,  pos,0,  cmd, goto,-1
645.0,Elev,5,  arrived at dest, 1, this call is done!, Elevator call,626.2116172,0,1,3,0, Done, dt, 18.788382800000022
648.0,Elev,9,  arrived at dest, 0, this call is done!, Elevator call,619.6454197,9,0,3,4, Done, dt, 28.354580299999952
655.0,Elev,6,  arrived at src, -1, Elevator call,643.8547515,-1,2,2,1
655.0, elevID,6,  pos,-1,  cmd, goto,2
661.0,Elevator call,660.0732908,6,10,1,2, got allocated to elevator, 2
661.0, elevID,7,  pos,0,  cmd, goto,6
662.0,Elevator call,661.042082,-1,3,1,3, got allocated to elevator, 3
662.0, elevID,8,  pos,3,  cmd, goto,-1
663.0,Elevator call,662.1730528,-1,5,1,4, got allocated to elevator, 4
663.0, elevID,9,  pos,0,  cmd, goto,-1
666.0,Elevator call,665.1155549,-1,8,1,0, got allocated to elevator, 0
666.0, elevID,5,  pos,1,  cmd, goto,-1
667.0,Elevator call,666.0340295,4,0,1,1, got allocated to elevator, 1
667.0,Elevator call,666.2411587,5,-1,1,2, got allocated to elevator, 2
667.0,Elev,6,  arrived at dest, 2, this call is done!, Elevator call,643.8547515,-1,2,3,1, Done, dt, 23.14524849999998
667.0, elevID,6,  pos,2,  cmd, goto,4
668.0,Elev,7,  arrived at src, 6, Elevator call,660.0732908,6,10,2,2
668.0, elevID,7,  pos,6,  cmd, goto,10
671.0,Elev,8,  arrived at src, -1, Elevator call,661.042082,-1,3,2,3
671.0, elevID,8,  pos,-1,  cmd, goto,3
673.0,Elevator call,672.6773142,0,-1,1,3, got allocated to elevator, 3
673.0, elevID,8,  pos,-1,  cmd, stop,0
674.0,Elev,9,  arrived at src, -1, Elevator call,662.1730528,-1,5,2,4
674.0, elevID,9,  pos,-1,  cmd, goto,5
675.0,Elev,7,  arrived at dest, 10, this call is done!, Elevator call,660.0732908,6,10,3,2, Done, dt, 14.926709200000005
675.0, elevID,7,  pos,10,  cmd, goto,5
678.0,Elevator call,677.7341948,0,-1,1,4, got allocated to elevator, 4
678.0,Elev,5,  arrived at src, -1, Elevator call,665.1155549,-1,8,2,0
678.0, elevID,5,  pos,-1,  cmd, goto,8
678.0,Elev,6,  arrived at src, 4, Elevator call,666.0340295,4,0,2,1
678.0, elevID,6,  pos,4,  cmd, goto,0
678.0, elevID,9,  pos,-1,  cmd, stop,0
679.0,Elevator call,678.9953585,-1,-2,1,0, got allocated to elevator, 0
679.0, elevID,5,  pos,-1,  cmd, stop,-1
680.0,Elev,8,  arrived at src, 0, Elevator call,672.6773142,0,-1,2,3
680.0, elevID,8,  pos,0,  cmd, goto,3
682.0,Elev,7,  arrived at src, 5, Elevator call,666.2411587,5,-1,2,2
682.0, elevID,7,  pos,5,  cmd, goto,-1
685.0,Elev,9,  arrived at src, 0, Elevator call,677.7341948,0,-1,2,4
685.0, elevID,9,  pos,0,  cmd, goto,5
688.0,Elev,5,  arrived at src, -1, Elevator call,678.9953585,-1,-2,2,0
688.0, elevID,5,  pos,-1,  cmd, goto,8
689.0,Elev,7,  arrived at dest, -1, this call is done!, Elevator call,666.2411587,5,-1,3,2, Done, dt, 22.758841299999972
689.0,Elev,8,  arrived at dest, 3, this call is done!, Elevator call,661.042082,-1,3,3,3, Done, dt, 27.95791799999995
689.0, elevID,8,  pos,3,  cmd, goto,-1
690.0,Elev,6,  arrived at dest, 0, this call is done!, Elevator call,666.0340295,4,0,3,1, Done, dt, 23.965970500000026
696.0,Elevator call,695.2239882,0,10,1,1, got allocated to elevator, 1
696.0,Elev,6,  arrived at src, 0, Elevator call,695.2239882,0,10,2,1
696.0, elevID,6,  pos,0,  cmd, goto,10
698.0,Elev,8,  arrived at dest, -1, this call is done!, Elevator call,672.6773142,0,-1,3,3, Done, dt, 25.322685800000045
698.0,Elev,9,  arrived at dest, 5, this call is done!, Elevator call,662.1730528,-1,5,3,4, Done, dt, 35.82694719999995
698.0, elevID,9,  pos,5,  cmd, goto,-1
707.0,Elevator call,706.1583475,-1,-2,1,2, got allocated to elevator, 2
707.0,Elev,5,  arrived at dest, 8, this call is done!, Elevator call,665.1155549,-1,8,3,0, Done, dt, 41.88444509999999
707.0, elevID,5,  pos,8,  cmd, goto,-2
707.0,Elev,7,  arrived at src, -1, Elevator call,706.1583475,-1,-2,2,2
707.0, elevID,7,  pos,-1,  cmd, goto,-2
711.0,Elevator call,710.324977,0,1,1,3, got allocated to elevator, 3
711.0,Elev,6,  arrived at dest, 10, this call is done!, Elevator call,695.2239882,0,10,3,1, Done, dt, 15.776011799999992
711.0, elevID,8,  pos,-1,  cmd, goto,0
711.0,Elev,9,  arrived at dest, -1, this call is done!, Elevator call,677.7341948,0,-1,3,4, Done, dt, 33.265805200000045
714.0,Elevator call,713.0191971,1,0,1,4, got allocated to elevator, 4
714.0,Elevator call,713.2499766,10,-1,1,0, got allocated to elevator, 0
714.0,Elev,7,  arrived at dest, -2, this call is done!, Elevator call,706.1583475,-1,-2,3,2, Done, dt, 7.841652500000009
714.0, elevID,9,  pos,-1,  cmd, goto,1
720.0,Elev,8,  arrived at src, 0, Elevator call,710.324977,0,1,2,3
720.0, elevID,8,  pos,0,  cmd, goto,1
723.0,Elevator call,722.6161213,10,0,1,1, got allocated to elevator, 1
723.0,Elev,6,  arrived at src, 10, Elevator call,722.6161213,10,0,2,1
723.0, elevID,6,  pos,10,  cmd, goto,0
725.0,Elev,9,  arrived at src, 1, Elevator call,713.0191971,1,0,2,4
725.0, elevID,9,  pos,1,  cmd, goto,0
727.0,Elev,5,  arrived at dest, -2, this call is done!, Elevator call,678.9953585,-1,-2,3,0, Done, dt, 48.00464150000005
727.0, elevID,5,  pos,-2,  cmd, goto,10
728.0,Elevator call,727.5146029,-1,0,1,2, got allocated to elevator, 2
728.0, elevID,7,  pos,-2,  cmd, goto,-1
729.0,Elev,8,  arrived at dest, 1, this call is done!, Elevator call,710.324977,0,1,3,3, Done, dt, 18.67502300000001
733.0,Elevator call,732.9746341,6,-1,1,3, got allocated to elevator, 3
733.0, elevID,8,  pos,1,  cmd, goto,6
735.0,Elev,7,  arrived at src, -1, Elevator call,727.5146029,-1,0,2,2
735.0, elevID,7,  pos,-1,  cmd, goto,0
736.0,Elev,9,  arrived at dest, 0, this call is done!, Elevator call,713.0191971,1,0,3,4, Done, dt, 22.980802899999958
738.0,Elevator call,737.3147202,1,0,1,4, got allocated to elevator, 4
738.0,Elev,6,  arrived at dest, 0, this call is done!, Elevator call,722.6161213,10,0,3,1, Done, dt, 15.383878699999968
738.0, elevID,9,  pos,0,  cmd, goto,1
742.0,Elev,7,  arrived at dest, 0, this call is done!, Elevator call,727.5146029,-1,0,3,2, Done, dt, 14.4853971
743.0,Elev,8,  arrived at src, 6, Elevator call,732.9746341,6,-1,2,3
743.0, elevID,8,  pos,6,  cmd, goto,-1
749.0,Elev,5,  arrived at src, 10, Elevator call,713.2499766,10,-1,2,0
749.0, elevID,5,  pos,10,  cmd, goto,-1
749.0,Elev,9,  arrived at src, 1, Elevator call,737.3147202,1,0,2,4
749.0, elevID,9,  pos,1,  cmd, goto,0
753.0,Elev,8,  arrived at dest, -1, this call is done!, Elevator call,732.9746341,6,-1,3,3, Done, dt, 20.025365899999997
760.0,Elev,9,  arrived at dest, 0, this call is done!, Elevator call,737.3147202,1,0,3,4, Done, dt, 22.68527979999999
770.0,Elev,5,  arrived at dest, -1, this call is done!, Elevator call,713.2499766,10,-1,3,0, Done, dt, 56.75002340000003
780.0,Elevator call,779.3996914,-1,5,1,0, got allocated to elevator, 0
780.0,Elev,5,  arrived at src, -1, Elevator call,779.3996914,-1,5,2,0
780.0, elevID,5,  pos,-1,  cmd, goto,5
796.0,Elev,5,  arrived at dest, 5, this call is done!, Elevator call,779.3996914,-1,5,3,0, Done, dt, 16.60030859999995
806.0,Elevator call,805.6754743,-1,-2,1,1, got allocated to elevator, 1
806.0, elevID,6,  pos,0,  cmd, goto,-1
811.0,Elevator call,810.4469089,2,0,1,2, got allocated to elevator, 2
811.0, elevID,7,  pos,0,  cmd, goto,2
817.0,Elevator call,816.1516998,7,-1,1,3, got allocated to elevator, 3
817.0,Elev,6,  arrived at src, -1, Elevator call,805.6754743,-1,-2,2,1
817.0, elevID,6,  pos,-1,  cmd, goto,-2
817.0, elevID,8,  pos,-1,  cmd, goto,7
818.0,Elev,7,  arrived at src, 2, Elevator call,810.4469089,2,0,2,2
818.0, elevID,7,  pos,2,  cmd, goto,0
825.0,Elev,7,  arrived at dest, 0, this call is done!, Elevator call,810.4469089,2,0,3,2, Done, dt, 14.55309109999996
826.0,Elevator call,825.4575185,7,0,1,4, got allocated to elevator, 4
826.0, elevID,9,  pos,0,  cmd, goto,7
827.0,Elev,8,  arrived at src, 7, Elevator call,816.1516998,7,-1,2,3
827.0, elevID,8,  pos,7,  cmd, goto,-1
828.0,Elev,6,  arrived at dest, -2, this call is done!, Elevator call,805.6754743,-1,-2,3,1, Done, dt, 22.32452569999998
837.0,Elev,8,  arrived at dest, -1, this call is done!, Elevator call,816.1516998,7,-1,3,3, Done, dt, 20.84830020000004
840.0,Elevator call,839.8525653,0,1,1,0, got allocated to elevator, 0
840.0, elevID,5,  pos,5,  cmd, goto,0
840.0,Elev,9,  arrived at src, 7, Elevator call,825.4575185,7,0,2,4
840.0, elevID,9,  pos,7,  cmd, goto,0
854.0,Elev,9,  arrived at dest, 0, this call is done!, Elevator call,825.4575185,7,0,3,4, Done, dt, 28.542481500000008
855.0,Elevator call,854.2002278,6,-1,1,1, got allocated to elevator, 1
855.0,Elev,5,  arrived at src, 0, Elevator call,839.8525653,0,1,2,0
855.0, elevID,5,  pos,0,  cmd, goto,1
855.0, elevID,6,  pos,-2,  cmd, goto,6
864.0,Elevator call,863.8932913,0,-1,1,2, got allocated to elevator, 2
864.0,Elev,7,  arrived at src, 0, Elevator call,863.8932913,0,-1,2,2
864.0, elevID,7,  pos,0,  cmd, goto,-1
866.0,Elev,5,  arrived at dest, 1, this call is done!, Elevator call,839.8525653,0,1,3,0, Done, dt, 26.147434699999963
869.0,Elev,6,  arrived at src, 6, Elevator call,854.2002278,6,-1,2,1
869.0, elevID,6,  pos,6,  cmd, goto,-1
871.0,Elevator call,870.5053024,0,7,1,3, got allocated to elevator, 3
871.0,Elev,7,  arrived at dest, -1, this call is done!, Elevator call,863.8932913,0,-1,3,2, Done, dt, 7.106708700000013
871.0, elevID,8,  pos,-1,  cmd, goto,0
880.0,Elev,8,  arrived at src, 0, Elevator call,870.5053024,0,7,2,3
880.0, elevID,8,  pos,0,  cmd, goto,7
883.0,Elev,6,  arrived at dest, -1, this call is done!, Elevator call,854.2002278,6,-1,3,1, Done, dt, 28.799772200000007
887.0,Elevator call,886.5649993,-1,-2,1,4, got allocated to elevator, 4
887.0, elevID,9,  pos,0,  cmd, goto,-1
890.0,Elev,8,  arrived at dest, 7, this call is done!, Elevator call,870.5053024,0,7,3,3, Done, dt, 19.494697599999995
893.0,Elevator call,892.5212151,9,-1,1,0, got allocated to elevator, 0
893.0, elevID,5,  pos,1,  cmd, goto,9
898.0,Elev,9,  arrived at src, -1, Elevator call,886.5649993,-1,-2,2,4
898.0, elevID,9,  pos,-1,  cmd, goto,-2
909.0,Elev,9,  arrived at dest, -2, this call is done!, Elevator call,886.5649993,-1,-2,3,4, Done, dt, 22.435000700000046
911.0,Elevator call,910.5388559,6,5,1,1, got allocated to elevator, 1
911.0,Elev,5,  arrived at src, 9, Elevator call,892.5212151,9,-1,2,0
911.0, elevID,5,  pos,9,  cmd, goto,-1
911.0, elevID,6,  pos,-1,  cmd, goto,6
916.0,Elevator call,915.9490575,4,-1,1,2, got allocated to elevator, 2
916.0, elevID,7,  pos,-1,  cmd, goto,4
923.0,Elev,7,  arrived at src, 4, Elevator call,915.9490575,4,-1,2,2
923.0, elevID,7,  pos,4,  cmd, goto,-1
925.0,Elev,6,  arrived at src, 6, Elevator call,910.5388559,6,5,2,1
925.0, elevID,6,  pos,6,  cmd, goto,5
930.0,Elev,7,  arrived at dest, -1, this call is done!, Elevator call,915.9490575,4,-1,3,2, Done, dt, 14.05094250000002
931.0,Elev,5,  arrived at dest, -1, this call is done!, Elevator call,892.5212151,9,-1,3,0, Done, dt, 38.47878490000005
934.0,Elevator call,933.8580452,7,5,1,3, got allocated to elevator, 3
934.0,Elev,8,  arrived at src, 7, Elevator call,933.8580452,7,5,2,3
934.0, elevID,8,  pos,7,  cmd, goto,5
936.0,Elev,6,  arrived at dest, 5, this call is done!, Elevator call,910.5388559,6,5,3,1, Done, dt, 25.461144099999956
943.0,Elev,8,  arrived at dest, 5, this call is done!, Elevator call,933.8580452,7,5,3,3, Done, dt, 9.141954800000008
962.0,Elevator call,961.6862856,6,-1,1,4, got allocated to elevator, 4
962.0, elevID,9,  pos,-2,  cmd, goto,6
973.0,Elevator call,972.8032126,1,0,1,0, got allocated to elevator, 0
973.0, elevID,5,  pos,-1,  cmd, goto,1
976.0,Elevator call,975.8361203,0,-1,1,1, got allocated to elevator, 1
976.0, elevID,6,  pos,5,  cmd, goto,0
976.0,Elev,9,  arrived at src, 6, Elevator call,961.6862856,6,-1,2,4
976.0, elevID,9,  pos,6,  cmd, goto,-1
979.0,Elevator call,978.5925149,10,0,1,2, got allocated to elevator, 2
979.0,Elevator call,978.6210501,10,-1,1,3, got allocated to elevator, 3
979.0, elevID,7,  pos,-1,  cmd, goto,10
979.0, elevID,8,  pos,5,  cmd, goto,10
985.0,Elevator call,984.1840186,7,0,1,4, got allocated to elevator, 4
985.0,Elev,5,  arrived at src, 1, Elevator call,972.8032126,1,0,2,0
985.0, elevID,5,  pos,1,  cmd, goto,0
987.0,Elev,7,  arrived at src, 10, Elevator call,978.5925149,10,0,2,2
987.0, elevID,7,  pos,10,  cmd, goto,0
989.0,Elev,6,  arrived at src, 0, Elevator call,975.8361203,0,-1,2,1
989.0, elevID,6,  pos,0,  cmd, goto,-1
989.0,Elev,8,  arrived at src, 10, Elevator call,978.6210501,10,-1,2,3
989.0, elevID,8,  pos,10,  cmd, goto,-1
990.0,Elev,9,  arrived at dest, -1, this call is done!, Elevator call,961.6862856,6,-1,3,4, Done, dt, 28.31371439999998
990.0, elevID,9,  pos,-1,  cmd, goto,7
995.0,Elev,7,  arrived at dest, 0, this call is done!, Elevator call,978.5925149,10,0,3,2, Done, dt, 16.40748510000003
996.0,Elev,5,  arrived at dest, 0, this call is done!, Elevator call,972.8032126,1,0,3,0, Done, dt, 23.19678739999995
1000.0,Elev,6,  arrived at dest, -1, this call is done!, Elevator call,975.8361203,0,-1,3,1, Done, dt, 24.163879700000052
1000.0,Elev,8,  arrived at dest, -1, this call is done!, Elevator call,978.6210501,10,-1,3,3, Done, dt, 21.378949899999952
1004.0,Elev,9,  arrived at src, 7, Elevator call,984.1840186,7,0,2,4
1004.0, elevID,9,  pos,7,  cmd, goto,0
1018.0,Elev,9,  arrived at dest, 0, this call is done!, Elevator call,984.1840186,7,0,3,4, Done, dt, 33.815981400000055
1019.0,************* Simulation Ended ************
Code Owners,317623189,  Building_file,Ex1_Buildings/B4.json,  Calls,OutputFinal.csv
Total waiting time: 2191.0,  average waiting time per call: 21.91,  unCompleted calls,0,  certificate, -496094218
